<?xml version="1.0" encoding="UTF-8"?>
<testsuite xmlns:xsi="http://www.w3.org/2001/XMLSchema-instance" xsi:noNamespaceSchemaLocation="https://maven.apache.org/surefire/maven-surefire-plugin/xsd/surefire-test-report.xsd" name="edu.eci.cvds.tdd.registry.RegistryTest" time="0.062" tests="1" errors="0" skipped="0" failures="1">
  <properties>
[...]
</properties>
  <testcase name="validateRegistryResult" classname="edu.eci.cvds.tdd.registry.RegistryTest" time="0">
    <failure message="expected:&lt;VALID&gt; but was:&lt;DEAD&gt;" type="java.lang.AssertionError"><![CDATA[java.lang.AssertionError: expected:<VALID> but was:<DEAD>
	at edu.eci.cvds.tdd.registry.RegistryTest.validateRegistryResult(RegistryTest.java:17)
]]></failure>
    <system-out><![CDATA[false
]]></system-out>
  </testcase>
</testsuite>